<?xml version="1.0" encoding="UTF-8"?>
<testng-results skipped="0" failed="0" total="6" passed="6">
  <reporter-output>
  </reporter-output>
  <suite name="Default suite" duration-ms="8003" started-at="2015-02-04T04:14:44Z" finished-at="2015-02-04T04:14:52Z">
    <groups>
    </groups>
    <test name="Default test" duration-ms="8003" started-at="2015-02-04T04:14:44Z" finished-at="2015-02-04T04:14:52Z">
      <class name="com.sony.msm.test.TestGetTrendingVideoContent">
        <test-method status="PASS" signature="testGetContentOnStartAndLimit(int, int)[pri:0, instance:com.sony.msm.test.TestGetTrendingVideoContent@44d64315]" name="testGetContentOnStartAndLimit" duration-ms="2074" started-at="2015-02-04T09:44:44Z" data-provider="dataProvider" finished-at="2015-02-04T09:44:46Z">
          <params>
            <param index="0">
              <value>
                <![CDATA[0]]>
              </value>
            </param>
            <param index="1">
              <value>
                <![CDATA[5]]>
              </value>
            </param>
          </params>
          <reporter-output>
          </reporter-output>
        </test-method> <!-- testGetContentOnStartAndLimit -->
        <test-method status="PASS" signature="testGetContentOnStartAndLimit(int, int)[pri:0, instance:com.sony.msm.test.TestGetTrendingVideoContent@44d64315]" name="testGetContentOnStartAndLimit" duration-ms="936" started-at="2015-02-04T09:44:46Z" data-provider="dataProvider" finished-at="2015-02-04T09:44:47Z">
          <params>
            <param index="0">
              <value>
                <![CDATA[1]]>
              </value>
            </param>
            <param index="1">
              <value>
                <![CDATA[7]]>
              </value>
            </param>
          </params>
          <reporter-output>
          </reporter-output>
        </test-method> <!-- testGetContentOnStartAndLimit -->
        <test-method status="PASS" signature="testGetContentOnStartAndLimit(int, int)[pri:0, instance:com.sony.msm.test.TestGetTrendingVideoContent@44d64315]" name="testGetContentOnStartAndLimit" duration-ms="827" started-at="2015-02-04T09:44:47Z" data-provider="dataProvider" finished-at="2015-02-04T09:44:48Z">
          <params>
            <param index="0">
              <value>
                <![CDATA[0]]>
              </value>
            </param>
            <param index="1">
              <value>
                <![CDATA[10]]>
              </value>
            </param>
          </params>
          <reporter-output>
          </reporter-output>
        </test-method> <!-- testGetContentOnStartAndLimit -->
        <test-method status="PASS" signature="testGetContentOnStartAndLimit(int, int)[pri:0, instance:com.sony.msm.test.TestGetTrendingVideoContent@44d64315]" name="testGetContentOnStartAndLimit" duration-ms="1779" started-at="2015-02-04T09:44:48Z" data-provider="dataProvider" finished-at="2015-02-04T09:44:49Z">
          <params>
            <param index="0">
              <value>
                <![CDATA[5]]>
              </value>
            </param>
            <param index="1">
              <value>
                <![CDATA[20]]>
              </value>
            </param>
          </params>
          <reporter-output>
          </reporter-output>
        </test-method> <!-- testGetContentOnStartAndLimit -->
        <test-method status="PASS" signature="testGetContentOnStartAndLimit(int, int)[pri:0, instance:com.sony.msm.test.TestGetTrendingVideoContent@44d64315]" name="testGetContentOnStartAndLimit" duration-ms="1622" started-at="2015-02-04T09:44:49Z" data-provider="dataProvider" finished-at="2015-02-04T09:44:51Z">
          <params>
            <param index="0">
              <value>
                <![CDATA[10]]>
              </value>
            </param>
            <param index="1">
              <value>
                <![CDATA[15]]>
              </value>
            </param>
          </params>
          <reporter-output>
          </reporter-output>
        </test-method> <!-- testGetContentOnStartAndLimit -->
        <test-method status="PASS" signature="testGetTrendingVideo()[pri:0, instance:com.sony.msm.test.TestGetTrendingVideoContent@44d64315]" name="testGetTrendingVideo" duration-ms="749" started-at="2015-02-04T09:44:51Z" finished-at="2015-02-04T09:44:52Z">
          <reporter-output>
          </reporter-output>
        </test-method> <!-- testGetTrendingVideo -->
      </class> <!-- com.sony.msm.test.TestGetTrendingVideoContent -->
    </test> <!-- Default test -->
  </suite> <!-- Default suite -->
</testng-results>
