<?xml version="1.0" encoding="UTF-8"?>
<testng-results skipped="0" failed="0" total="5" passed="5">
  <reporter-output>
  </reporter-output>
  <suite name="Default suite" duration-ms="10474" started-at="2015-02-04T09:04:44Z" finished-at="2015-02-04T09:04:55Z">
    <groups>
    </groups>
    <test name="Default test" duration-ms="10474" started-at="2015-02-04T09:04:44Z" finished-at="2015-02-04T09:04:55Z">
      <class name="com.sony.msm.test.TestGetContentPostedIn24Hours">
        <test-method status="PASS" signature="testGetContentOnStartAndLimit(int, int)[pri:0, instance:com.sony.msm.test.TestGetContentPostedIn24Hours@1cf6e5e9]" name="testGetContentOnStartAndLimit" duration-ms="1904" started-at="2015-02-04T14:34:44Z" data-provider="dataProvider" finished-at="2015-02-04T14:34:46Z">
          <params>
            <param index="0">
              <value>
                <![CDATA[0]]>
              </value>
            </param>
            <param index="1">
              <value>
                <![CDATA[5]]>
              </value>
            </param>
          </params>
          <reporter-output>
          </reporter-output>
        </test-method> <!-- testGetContentOnStartAndLimit -->
        <test-method status="PASS" signature="testGetContentOnStartAndLimit(int, int)[pri:0, instance:com.sony.msm.test.TestGetContentPostedIn24Hours@1cf6e5e9]" name="testGetContentOnStartAndLimit" duration-ms="1110" started-at="2015-02-04T14:34:46Z" data-provider="dataProvider" finished-at="2015-02-04T14:34:47Z">
          <params>
            <param index="0">
              <value>
                <![CDATA[1]]>
              </value>
            </param>
            <param index="1">
              <value>
                <![CDATA[7]]>
              </value>
            </param>
          </params>
          <reporter-output>
          </reporter-output>
        </test-method> <!-- testGetContentOnStartAndLimit -->
        <test-method status="PASS" signature="testGetContentOnStartAndLimit(int, int)[pri:0, instance:com.sony.msm.test.TestGetContentPostedIn24Hours@1cf6e5e9]" name="testGetContentOnStartAndLimit" duration-ms="1513" started-at="2015-02-04T14:34:47Z" data-provider="dataProvider" finished-at="2015-02-04T14:34:49Z">
          <params>
            <param index="0">
              <value>
                <![CDATA[0]]>
              </value>
            </param>
            <param index="1">
              <value>
                <![CDATA[10]]>
              </value>
            </param>
          </params>
          <reporter-output>
          </reporter-output>
        </test-method> <!-- testGetContentOnStartAndLimit -->
        <test-method status="PASS" signature="testGetContentOnStartAndLimit(int, int)[pri:0, instance:com.sony.msm.test.TestGetContentPostedIn24Hours@1cf6e5e9]" name="testGetContentOnStartAndLimit" duration-ms="2155" started-at="2015-02-04T14:34:49Z" data-provider="dataProvider" finished-at="2015-02-04T14:34:51Z">
          <params>
            <param index="0">
              <value>
                <![CDATA[5]]>
              </value>
            </param>
            <param index="1">
              <value>
                <![CDATA[20]]>
              </value>
            </param>
          </params>
          <reporter-output>
          </reporter-output>
        </test-method> <!-- testGetContentOnStartAndLimit -->
        <test-method status="PASS" signature="testGetContentPostedIn24Hours()[pri:0, instance:com.sony.msm.test.TestGetContentPostedIn24Hours@1cf6e5e9]" name="testGetContentPostedIn24Hours" duration-ms="3761" started-at="2015-02-04T14:34:51Z" finished-at="2015-02-04T14:34:55Z">
          <reporter-output>
          </reporter-output>
        </test-method> <!-- testGetContentPostedIn24Hours -->
      </class> <!-- com.sony.msm.test.TestGetContentPostedIn24Hours -->
    </test> <!-- Default test -->
  </suite> <!-- Default suite -->
</testng-results>
