<?xml version="1.0" encoding="UTF-8"?>
<!-- Generated by org.testng.reporters.JUnitXMLReporter -->
<testsuite hostname="INSCSWS20004359" name="Default test" tests="13" failures="0" timestamp="19 Feb 2015 06:55:12 GMT" time="14.38" errors="0">
  <testcase name="endToEndPaginationTest" time="1.924" classname="com.sony.csx.meta.plugin.sonyliv.SonyLivTrendingVideosFeederTest"/>
  <testcase name="endToEndPaginationTest" time="4.64" classname="com.sony.csx.meta.plugin.sonyliv.SonyLivTrendingVideosFeederTest"/>
  <testcase name="endToEndPaginationTest" time="4.388" classname="com.sony.csx.meta.plugin.sonyliv.SonyLivTrendingVideosFeederTest"/>
  <testcase name="endToEndPaginationTest" time="2.909" classname="com.sony.csx.meta.plugin.sonyliv.SonyLivTrendingVideosFeederTest"/>
  <testcase name="testForException" time="0.086" classname="com.sony.csx.meta.plugin.sonyliv.SonyLivTrendingVideosFeederTest"/>
  <testcase name="testForFailedConnections" time="0.012" classname="com.sony.csx.meta.plugin.sonyliv.SonyLivTrendingVideosFeederTest"/>
  <testcase name="testForFailedConnections" time="0.01" classname="com.sony.csx.meta.plugin.sonyliv.SonyLivTrendingVideosFeederTest"/>
  <testcase name="testForFailedConnections" time="0.01" classname="com.sony.csx.meta.plugin.sonyliv.SonyLivTrendingVideosFeederTest"/>
  <testcase name="testForFailedConnections" time="0.01" classname="com.sony.csx.meta.plugin.sonyliv.SonyLivTrendingVideosFeederTest"/>
  <testcase name="testForFailedConnections" time="0.022" classname="com.sony.csx.meta.plugin.sonyliv.SonyLivTrendingVideosFeederTest"/>
  <testcase name="testForTimeOut" time="0.011" classname="com.sony.csx.meta.plugin.sonyliv.SonyLivTrendingVideosFeederTest"/>
  <testcase name="testNegativeTrendingVideo" time="0.021" classname="com.sony.csx.meta.plugin.sonyliv.SonyLivTrendingVideosFeederTest"/>
  <testcase name="testTrendingVideoMocked" time="0.018" classname="com.sony.csx.meta.plugin.sonyliv.SonyLivTrendingVideosFeederTest"/>
</testsuite> <!-- Default test -->
