<?xml version="1.0" encoding="UTF-8"?>
<!-- Generated by org.testng.reporters.JUnitXMLReporter -->
<testsuite hostname="INSCSWS20004359" name="Default test" tests="6" failures="0" timestamp="4 Feb 2015 04:14:52 GMT" time="8.003" errors="0">
  <testcase name="testGetContentOnStartAndLimit" time="2.074" classname="com.sony.msm.test.TestGetTrendingVideoContent"/>
  <testcase name="testGetContentOnStartAndLimit" time="0.936" classname="com.sony.msm.test.TestGetTrendingVideoContent"/>
  <testcase name="testGetContentOnStartAndLimit" time="0.827" classname="com.sony.msm.test.TestGetTrendingVideoContent"/>
  <testcase name="testGetContentOnStartAndLimit" time="1.779" classname="com.sony.msm.test.TestGetTrendingVideoContent"/>
  <testcase name="testGetContentOnStartAndLimit" time="1.622" classname="com.sony.msm.test.TestGetTrendingVideoContent"/>
  <testcase name="testGetTrendingVideo" time="0.749" classname="com.sony.msm.test.TestGetTrendingVideoContent"/>
</testsuite> <!-- Default test -->
