<?xml version="1.0" encoding="UTF-8"?>
<!-- Generated by org.testng.reporters.JUnitXMLReporter -->
<testsuite hostname="INSCSWS20004359" name="Default test" tests="5" failures="0" timestamp="4 Feb 2015 09:04:55 GMT" time="10.474" errors="0">
  <testcase name="testGetContentOnStartAndLimit" time="1.904" classname="com.sony.msm.test.TestGetContentPostedIn24Hours"/>
  <testcase name="testGetContentOnStartAndLimit" time="1.11" classname="com.sony.msm.test.TestGetContentPostedIn24Hours"/>
  <testcase name="testGetContentOnStartAndLimit" time="1.513" classname="com.sony.msm.test.TestGetContentPostedIn24Hours"/>
  <testcase name="testGetContentOnStartAndLimit" time="2.155" classname="com.sony.msm.test.TestGetContentPostedIn24Hours"/>
  <testcase name="testGetContentPostedIn24Hours" time="3.761" classname="com.sony.msm.test.TestGetContentPostedIn24Hours"/>
</testsuite> <!-- Default test -->
